<?xml version="1.0" encoding="UTF-8"?>
<!-- Generated by org.testng.reporters.JUnitReportReporter -->
<testsuite skipped="0" hostname="01-011642" name="articleSubmission.Expert" tests="3" failures="0" timestamp="30 Nov 2018 09:42:07 GMT" time="92.222" errors="0">
  <testcase name="LIN9" time="36.038" classname="articleSubmission.Expert"/>
  <testcase name="LIN10" time="56.183" classname="articleSubmission.Expert"/>
  <testcase name="LIN114" time="0.001" classname="articleSubmission.Expert"/>
</testsuite> <!-- articleSubmission.Expert -->
