<?xml version="1.0" encoding="UTF-8"?>
<!-- Generated by org.testng.reporters.JUnitReportReporter -->
<testsuite skipped="0" hostname="01-011642" name="registerationTesting.Registeration" tests="1" failures="0" timestamp="23 Nov 2018 12:29:27 GMT" time="31.935" errors="0">
  <testcase name="SUP1" time="31.935" classname="registerationTesting.Registeration"/>
</testsuite> <!-- registerationTesting.Registeration -->
